    Finished `test` profile [unoptimized + debuginfo] target(s) in 0.62s
     Running tests\service_tests.rs (target\debug\deps\service_tests-4a75cd3cd20ece80.exe)

running 15 tests
test backup_service_tests::test_backup_config_default ... ok
test barcode_tests::test_sku_generation ... ok
test backup_service_tests::test_backup_filename_format ... ok
test barcode_tests::test_ean13_checksum ... ok
test tax_service_tests::test_tax_rounding ... ok
test tax_service_tests::test_tax_exempt_calculation ... ok
test tax_service_tests::test_tax_calculation_logic ... ok
test backup_service_tests::test_backup_without_source_fails_gracefully ... ok
test backup_service_tests::test_backup_listing ... FAILED
test backup_service_tests::test_backup_creation_with_source ... ok
test backup_service_tests::test_retention_policy ... ok
test inventory_tests::test_inventory_quantity_update ... ok
test tax_service_tests::test_database_tax_rate_storage ... ok
test inventory_tests::test_product_creation ... ok
test customer_tests::test_customer_crud ... ok

failures:

---- backup_service_tests::test_backup_listing stdout ----

thread 'backup_service_tests::test_backup_listing' panicked at tests\service_tests.rs:191:9:
assertion failed: backups[0].filename.contains("2026-01-02")
note: run with `RUST_BACKTRACE=1` environment variable to display a backtrace


failures:
    backup_service_tests::test_backup_listing

test result: FAILED. 14 passed; 1 failed; 0 ignored; 0 measured; 0 filtered out; finished in 0.15s

error: test failed, to rerun pass `--test service_tests`
