    Finished `test` profile [unoptimized + debuginfo] target(s) in 0.59s
     Running tests\api_integration_tests.rs (target\debug\deps\api_integration_tests-c950b81f12aa8899.exe)

running 2 tests
test test_get_products_unauthorized ... FAILED
test test_health_endpoint ... ok

failures:

---- test_get_products_unauthorized stdout ----

thread 'test_get_products_unauthorized' panicked at tests\api_integration_tests.rs:168:5:
assertion `left == right` failed
  left: 500
 right: 401
note: run with `RUST_BACKTRACE=1` environment variable to display a backtrace


failures:
    test_get_products_unauthorized

test result: FAILED. 1 passed; 1 failed; 0 ignored; 0 measured; 0 filtered out; finished in 0.28s

error: test failed, to rerun pass `--test api_integration_tests`
